<?xml version="1.0" encoding="UTF-8"?>
<!-- Generated by org.testng.reporters.JUnitReportReporter -->
<testsuite skipped="0" hostname="IBM240-PC073G5D" name="com.training.sanity.tests.TestCase1" tests="1" failures="0" timestamp="28 May 2019 11:03:28 GMT" time="74.926" errors="0">
  <testcase name="ValidChangePasswordTest" time="74.926" classname="com.training.sanity.tests.TestCase1"/>
</testsuite> <!-- com.training.sanity.tests.TestCase1 -->
