<?xml version="1.0" encoding="UTF-8"?>
<!-- Generated by org.testng.reporters.JUnitReportReporter -->
<testsuite skipped="0" hostname="IBM240-PC073G5D" name="com.training.sanity.tests.Med_TC4" tests="1" failures="0" timestamp="07 Jun 2019 09:17:30 GMT" time="25.062" errors="0">
  <testcase name="ModifyCategoryTest" time="25.062" classname="com.training.sanity.tests.Med_TC4"/>
</testsuite> <!-- com.training.sanity.tests.Med_TC4 -->
