<?xml version="1.0" encoding="UTF-8"?>
<!-- Generated by org.testng.reporters.JUnitReportReporter -->
<testsuite skipped="0" hostname="IBM240-PC073G5D" name="com.training.sanity.tests.Delete_CategoryTest_RTTC_040" tests="1" failures="0" timestamp="12 Jun 2019 19:20:42 GMT" time="19.780" errors="0">
  <testcase name="DeleteCategoryTest" time="19.780" classname="com.training.sanity.tests.Delete_CategoryTest_RTTC_040"/>
</testsuite> <!-- com.training.sanity.tests.Delete_CategoryTest_RTTC_040 -->
