<?xml version="1.0" encoding="UTF-8"?>
<!-- Generated by org.testng.reporters.JUnitReportReporter -->
<testsuite skipped="0" hostname="IBM240-PC073G5D" name="com.training.sanity.tests.TestCase3" tests="1" failures="0" timestamp="31 May 2019 05:21:27 GMT" time="67.162" errors="0">
  <testcase name="EarringsSortByTest" time="67.162" classname="com.training.sanity.tests.TestCase3"/>
</testsuite> <!-- com.training.sanity.tests.TestCase3 -->
