<?xml version="1.0" encoding="UTF-8"?>
<!-- Generated by org.testng.reporters.JUnitReportReporter -->
<testsuite skipped="0" hostname="IBM240-PC073G5D" name="com.training.sanity.tests.TestCase4" tests="1" failures="0" timestamp="30 May 2019 05:44:23 GMT" time="98.365" errors="0">
  <testcase name="RemoveCartTest" time="98.365" classname="com.training.sanity.tests.TestCase4"/>
</testsuite> <!-- com.training.sanity.tests.TestCase4 -->
