<?xml version="1.0" encoding="UTF-8"?>
<!-- Generated by org.testng.reporters.JUnitReportReporter -->
<testsuite skipped="0" hostname="IBM240-PC073G5D" name="com.training.sanity.tests.Admin_FilterProducts_ExcelTest_RTTC067" tests="4" failures="0" timestamp="17 Jun 2019 05:08:22 GMT" time="94.834" errors="0">
  <testcase name="Admin_FilterProductsTest" time="20.190" classname="com.training.sanity.tests.Admin_FilterProducts_ExcelTest_RTTC067"/>
  <testcase name="Admin_FilterProductsTest" time="21.546" classname="com.training.sanity.tests.Admin_FilterProducts_ExcelTest_RTTC067"/>
  <testcase name="Admin_FilterProductsTest" time="21.989" classname="com.training.sanity.tests.Admin_FilterProducts_ExcelTest_RTTC067"/>
  <testcase name="Admin_FilterProductsTest" time="31.109" classname="com.training.sanity.tests.Admin_FilterProducts_ExcelTest_RTTC067"/>
</testsuite> <!-- com.training.sanity.tests.Admin_FilterProducts_ExcelTest_RTTC067 -->
