<?xml version="1.0" encoding="UTF-8"?>
<!-- Generated by org.testng.reporters.JUnitReportReporter -->
<testsuite skipped="0" hostname="IBM240-PC073G5D" name="com.training.sanity.tests.AddProduct_InvalidDetailsTest_RTTC_069" tests="4" failures="0" timestamp="17 Jun 2019 05:26:51 GMT" time="137.719" errors="0">
  <testcase name="AddProduct_InvalidDetailsTest_RTTC_069" time="29.363" classname="com.training.sanity.tests.AddProduct_InvalidDetailsTest_RTTC_069"/>
  <testcase name="AddProduct_InvalidDetailsTest_RTTC_069" time="37.924" classname="com.training.sanity.tests.AddProduct_InvalidDetailsTest_RTTC_069"/>
  <testcase name="AddProduct_InvalidDetailsTest_RTTC_069" time="40.253" classname="com.training.sanity.tests.AddProduct_InvalidDetailsTest_RTTC_069"/>
  <testcase name="AddProduct_InvalidDetailsTest_RTTC_069" time="30.179" classname="com.training.sanity.tests.AddProduct_InvalidDetailsTest_RTTC_069"/>
</testsuite> <!-- com.training.sanity.tests.AddProduct_InvalidDetailsTest_RTTC_069 -->
