<?xml version="1.0" encoding="UTF-8"?>
<!-- Generated by org.testng.reporters.JUnitReportReporter -->
<testsuite skipped="0" hostname="IBM240-PC073G5D" name="com.training.sanity.tests.Return_Ordered_ProductTest_RTTC_036" tests="1" failures="0" timestamp="12 Jun 2019 19:27:45 GMT" time="45.434" errors="0">
  <testcase name="ReturnOrderTest" time="45.434" classname="com.training.sanity.tests.Return_Ordered_ProductTest_RTTC_036"/>
</testsuite> <!-- com.training.sanity.tests.Return_Ordered_ProductTest_RTTC_036 -->
