<?xml version="1.0" encoding="UTF-8"?>
<!-- Generated by org.testng.reporters.JUnitReportReporter -->
<testsuite skipped="0" hostname="IBM240-PC073G5D" name="com.training.sanity.tests.Admin_InvalidCredsTest_RTTC_037" tests="4" failures="0" timestamp="12 Jun 2019 19:20:42 GMT" time="59.000" errors="0">
  <testcase name="Admin_InvalidCredentials_Test" time="15.117" classname="com.training.sanity.tests.Admin_InvalidCredsTest_RTTC_037"/>
  <testcase name="Admin_InvalidCredentials_Test" time="9.353" classname="com.training.sanity.tests.Admin_InvalidCredsTest_RTTC_037"/>
  <testcase name="Admin_InvalidCredentials_Test" time="12.297" classname="com.training.sanity.tests.Admin_InvalidCredsTest_RTTC_037"/>
  <testcase name="Admin_InvalidCredentials_Test" time="22.233" classname="com.training.sanity.tests.Admin_InvalidCredsTest_RTTC_037"/>
</testsuite> <!-- com.training.sanity.tests.Admin_InvalidCredsTest_RTTC_037 -->
