<?xml version="1.0" encoding="UTF-8"?>
<!-- Generated by org.testng.reporters.JUnitReportReporter -->
<testsuite skipped="0" hostname="IBM240-PC073G5D" name="com.training.sanity.tests.Med_TC5" tests="1" failures="0" timestamp="07 Jun 2019 10:51:58 GMT" time="23.009" errors="0">
  <testcase name="DeleteCategoryTest" time="23.009" classname="com.training.sanity.tests.Med_TC5"/>
</testsuite> <!-- com.training.sanity.tests.Med_TC5 -->
