<?xml version="1.0" encoding="UTF-8"?>
<!-- Generated by org.testng.reporters.JUnitReportReporter -->
<testsuite skipped="0" hostname="IBM240-PC073G5D" name="com.training.sanity.tests.TestCase5" tests="1" failures="0" timestamp="29 May 2019 13:44:19 GMT" time="94.588" errors="0">
  <testcase name="EarringsSortByTest" time="94.588" classname="com.training.sanity.tests.TestCase5"/>
</testsuite> <!-- com.training.sanity.tests.TestCase5 -->
