<?xml version="1.0" encoding="UTF-8"?>
<!-- Generated by org.testng.reporters.JUnitReportReporter -->
<testsuite skipped="0" hostname="IBM240-PC073G5D" name="com.training.sanity.tests.Admin_AddProduct_ExcelTest_RTTC_068" tests="4" failures="0" timestamp="17 Jun 2019 05:04:45 GMT" time="252.530" errors="0">
  <testcase name="Admin_AddProduct_ExcelTest_RTTC_068" time="35.333" classname="com.training.sanity.tests.Admin_AddProduct_ExcelTest_RTTC_068"/>
  <testcase name="Admin_AddProduct_ExcelTest_RTTC_068" time="109.563" classname="com.training.sanity.tests.Admin_AddProduct_ExcelTest_RTTC_068"/>
  <testcase name="Admin_AddProduct_ExcelTest_RTTC_068" time="46.412" classname="com.training.sanity.tests.Admin_AddProduct_ExcelTest_RTTC_068"/>
  <testcase name="Admin_AddProduct_ExcelTest_RTTC_068" time="61.222" classname="com.training.sanity.tests.Admin_AddProduct_ExcelTest_RTTC_068"/>
</testsuite> <!-- com.training.sanity.tests.Admin_AddProduct_ExcelTest_RTTC_068 -->
