<?xml version="1.0" encoding="UTF-8"?>
<!-- Generated by org.testng.reporters.JUnitReportReporter -->
<testsuite skipped="0" hostname="IBM240-PC073G5D" name="com.training.sanity.tests.AddCategoryTest_RTTC_038" tests="1" failures="0" timestamp="12 Jun 2019 19:20:42 GMT" time="46.758" errors="0">
  <testcase name="AddCategoryTest" time="46.758" classname="com.training.sanity.tests.AddCategoryTest_RTTC_038"/>
</testsuite> <!-- com.training.sanity.tests.AddCategoryTest_RTTC_038 -->
