<?xml version="1.0" encoding="UTF-8"?>
<!-- Generated by org.testng.reporters.JUnitReportReporter -->
<testsuite skipped="0" hostname="IBM240-PC073G5D" name="com.training.sanity.tests.TestCase2" tests="1" failures="0" timestamp="28 May 2019 11:26:22 GMT" time="173.791" errors="0">
  <testcase name="InvalidChangePasswordTest" time="173.791" classname="com.training.sanity.tests.TestCase2"/>
</testsuite> <!-- com.training.sanity.tests.TestCase2 -->
