<?xml version="1.0" encoding="UTF-8"?>
<!-- Generated by org.testng.reporters.JUnitReportReporter -->
<testsuite skipped="0" hostname="IBM240-PC073G5D" name="com.training.sanity.tests.Med_TC2" tests="4" failures="0" timestamp="07 Jun 2019 09:17:30 GMT" time="54.922" errors="0">
  <testcase name="Admin_InvalidCredentials_Test" time="12.099" classname="com.training.sanity.tests.Med_TC2"/>
  <testcase name="Admin_InvalidCredentials_Test" time="10.951" classname="com.training.sanity.tests.Med_TC2"/>
  <testcase name="Admin_InvalidCredentials_Test" time="13.393" classname="com.training.sanity.tests.Med_TC2"/>
  <testcase name="Admin_InvalidCredentials_Test" time="18.479" classname="com.training.sanity.tests.Med_TC2"/>
</testsuite> <!-- com.training.sanity.tests.Med_TC2 -->
